This is pdfTeX, Version 3.1415926-1.40.10 (TeX Live 2009) (format=pdflatex 2009.11.7)  28 FEB 2014 10:34
entering extended mode
 %&-line parsing enabled.
**asme2ej.tex
(./asme2ej.tex
LaTeX2e <2009/09/24>
Babel <v3.8l> and hyphenation patterns for english, usenglishmax, dumylang, noh
yphenation, german-x-2009-06-19, ngerman-x-2009-06-19, ancientgreek, ibycus, ar
abic, basque, bulgarian, catalan, pinyin, coptic, croatian, czech, danish, dutc
h, esperanto, estonian, farsi, finnish, french, galician, german, ngerman, mono
greek, greek, hungarian, icelandic, indonesian, interlingua, irish, italian, ku
rmanji, latin, latvian, lithuanian, mongolian, mongolian2a, bokmal, nynorsk, po
lish, portuguese, romanian, russian, sanskrit, serbian, slovak, slovenian, span
ish, swedish, turkish, ukenglish, ukrainian, uppersorbian, welsh, loaded.
(./asme2ej.cls

LaTeX Warning: You have requested document class `asme2ej',
               but the document class provides `asme2e'.

Document Class: asme2e 2001/2/14 v2.0 Standard LaTeX document class
(/usr/local/texlive/2009/texmf-dist/tex/latex/base/ifthen.sty
Package: ifthen 2001/05/26 v1.1c Standard LaTeX ifthen package (DPC)
)
(/usr/local/texlive/2009/texmf-dist/tex/latex/psnfss/times.sty
Package: times 2005/04/12 PSNFSS-v9.2a (SPQR) 
)
(/usr/local/texlive/2009/texmf-dist/tex/latex/psnfss/mathptm.sty
Package: mathptm 2005/04/12 PSNFSS-v9.2a Times w/ Math (SPQR, WaS) 


Package mathptm Warning: This package is to be regarded as obsolete.
(mathptm)                See the PSNFSS documentation.

LaTeX Font Info:    Redeclaring symbol font `operators' on input line 31.
LaTeX Font Info:    Overwriting symbol font `operators' in version `normal'
(Font)                  OT1/cmr/m/n --> OT1/ptmcm/m/n on input line 31.
LaTeX Font Info:    Overwriting symbol font `operators' in version `bold'
(Font)                  OT1/cmr/bx/n --> OT1/ptmcm/m/n on input line 31.
LaTeX Font Info:    Redeclaring symbol font `letters' on input line 32.
LaTeX Font Info:    Overwriting symbol font `letters' in version `normal'
(Font)                  OML/cmm/m/it --> OML/ptmcm/m/it on input line 32.
LaTeX Font Info:    Overwriting symbol font `letters' in version `bold'
(Font)                  OML/cmm/b/it --> OML/ptmcm/m/it on input line 32.
LaTeX Font Info:    Redeclaring symbol font `symbols' on input line 33.
LaTeX Font Info:    Overwriting symbol font `symbols' in version `normal'
(Font)                  OMS/cmsy/m/n --> OMS/pzccm/m/n on input line 33.
LaTeX Font Info:    Overwriting symbol font `symbols' in version `bold'
(Font)                  OMS/cmsy/b/n --> OMS/pzccm/m/n on input line 33.
LaTeX Font Info:    Redeclaring symbol font `largesymbols' on input line 34.
LaTeX Font Info:    Overwriting symbol font `largesymbols' in version `normal'
(Font)                  OMX/cmex/m/n --> OMX/psycm/m/n on input line 34.
LaTeX Font Info:    Overwriting symbol font `largesymbols' in version `bold'
(Font)                  OMX/cmex/m/n --> OMX/psycm/m/n on input line 34.
\symbold=\mathgroup4
\symitalic=\mathgroup5
LaTeX Font Info:    Redeclaring math alphabet \mathbf on input line 37.
LaTeX Font Info:    Overwriting math alphabet `\mathbf' in version `normal'
(Font)                  OT1/cmr/bx/n --> OT1/ptm/bx/n on input line 37.
LaTeX Font Info:    Overwriting math alphabet `\mathbf' in version `bold'
(Font)                  OT1/cmr/bx/n --> OT1/ptm/bx/n on input line 37.
LaTeX Font Info:    Redeclaring math alphabet \mathit on input line 38.
LaTeX Font Info:    Overwriting math alphabet `\mathit' in version `normal'
(Font)                  OT1/cmr/m/it --> OT1/ptm/m/it on input line 38.
LaTeX Font Info:    Overwriting math alphabet `\mathit' in version `bold'
(Font)                  OT1/cmr/bx/it --> OT1/ptm/m/it on input line 38.
) (/usr/local/texlive/2009/texmf-dist/tex/generic/oberdiek/ifpdf.sty
Package: ifpdf 2009/04/10 v2.0 Provides the ifpdf switch (HO)
Package ifpdf Info: pdfTeX in pdf mode detected.
)
Ten Point
LaTeX Font Info:    Try loading font information for OT1+phv on input line 301.

(/usr/local/texlive/2009/texmf-dist/tex/latex/psnfss/ot1phv.fd
File: ot1phv.fd 2001/06/04 scalable font definitions for OT1/phv.
)
\c@part=\count79
\c@section=\count80
\c@subsection=\count81
\c@subsubsection=\count82
\c@paragraph=\count83
\c@subparagraph=\count84
\tempbox=\box26
\c@figure=\count85
\c@table=\count86
\@authcnt=\count87
\@tmpcnt=\count88
\bibindent=\dimen102
\tempbox=\box27
\minute=\count89
\hour=\count90
)
(/usr/local/texlive/2009/texmf-dist/tex/latex/graphics/graphicx.sty
Package: graphicx 1999/02/16 v1.0f Enhanced LaTeX Graphics (DPC,SPQR)

(/usr/local/texlive/2009/texmf-dist/tex/latex/graphics/keyval.sty
Package: keyval 1999/03/16 v1.13 key=value parser (DPC)
\KV@toks@=\toks14
)
(/usr/local/texlive/2009/texmf-dist/tex/latex/graphics/graphics.sty
Package: graphics 2009/02/05 v1.0o Standard LaTeX Graphics (DPC,SPQR)

(/usr/local/texlive/2009/texmf-dist/tex/latex/graphics/trig.sty
Package: trig 1999/03/16 v1.09 sin cos tan (DPC)
)
(/usr/local/texlive/2009/texmf-dist/tex/latex/latexconfig/graphics.cfg
File: graphics.cfg 2009/08/28 v1.8 graphics configuration of TeX Live
)
Package graphics Info: Driver file: pdftex.def on input line 91.

(/usr/local/texlive/2009/texmf-dist/tex/latex/pdftex-def/pdftex.def
File: pdftex.def 2009/08/25 v0.04m Graphics/color for pdfTeX
\Gread@gobject=\count91
))
\Gin@req@height=\dimen103
\Gin@req@width=\dimen104
)
(/usr/local/texlive/2009/texmf-dist/tex/latex/ctable/ctable.sty
Package: ctable 2009/09/17 v1.15 ctable package

(/usr/local/texlive/2009/texmf-dist/tex/latex/graphics/color.sty
Package: color 2005/11/14 v1.0j Standard LaTeX Color (DPC)

(/usr/local/texlive/2009/texmf-dist/tex/latex/latexconfig/color.cfg
File: color.cfg 2007/01/18 v1.5 color configuration of teTeX/TeXLive
)
Package color Info: Driver file: pdftex.def on input line 130.
)
(/usr/local/texlive/2009/texmf-dist/tex/latex/xkeyval/xkeyval.sty
Package: xkeyval 2008/08/13 v2.6a package option processing (HA)

(/usr/local/texlive/2009/texmf-dist/tex/generic/xkeyval/xkeyval.tex
\XKV@toks=\toks15
\XKV@tempa@toks=\toks16
\XKV@depth=\count92
File: xkeyval.tex 2008/08/13 v2.6a key=value parser (HA)
))
(/usr/local/texlive/2009/texmf-dist/tex/latex/tools/array.sty
Package: array 2008/09/09 v2.4c Tabular extension package (FMi)
\col@sep=\dimen105
\extrarowheight=\dimen106
\NC@list=\toks17
\extratabsurround=\skip41
\backup@length=\skip42
)
(/usr/local/texlive/2009/texmf-dist/tex/latex/tools/tabularx.sty
Package: tabularx 1999/01/07 v2.07 `tabularx' package (DPC)
\TX@col@width=\dimen107
\TX@old@table=\dimen108
\TX@old@col=\dimen109
\TX@target=\dimen110
\TX@delta=\dimen111
\TX@cols=\count93
\TX@ftn=\toks18
)
(/usr/local/texlive/2009/texmf-dist/tex/latex/booktabs/booktabs.sty
Package: booktabs 2005/04/14 v1.61803 publication quality tables
\heavyrulewidth=\dimen112
\lightrulewidth=\dimen113
\cmidrulewidth=\dimen114
\belowrulesep=\dimen115
\belowbottomsep=\dimen116
\aboverulesep=\dimen117
\abovetopsep=\dimen118
\cmidrulesep=\dimen119
\cmidrulekern=\dimen120
\defaultaddspace=\dimen121
\@cmidla=\count94
\@cmidlb=\count95
\@aboverulesep=\dimen122
\@belowrulesep=\dimen123
\@thisruleclass=\count96
\@lastruleclass=\count97
\@thisrulewidth=\dimen124
)
(/usr/local/texlive/2009/texmf-dist/tex/latex/rotating/rotating.sty
Package: rotating 2009/03/28 v2.16a rotated objects in LaTeX
\c@r@tfl@t=\count98
\rotFPtop=\skip43
\rotFPbot=\skip44
\rot@float@box=\box28
\rot@mess@toks=\toks19
)
\@ctblframesep=\dimen125
\@ctblframerule=\dimen126
\@ctblwidth=\dimen127
\@ctblcaptionskip=\dimen128
\@ctblmaxwidth=\dimen129
\@ctblmincapwidth=\dimen130
\@ctblw=\dimen131
\@ctblfloatwidth=\dimen132
\@ctbloldsep=\dimen133
\@ctbloldrule=\dimen134
\ctbl@t=\box29
)
(/usr/local/texlive/2009/texmf-dist/tex/latex/multirow/multirow.sty
\bigstrutjot=\dimen135
)
(/usr/local/texlive/2009/texmf-dist/tex/latex/colortbl/colortbl.sty
Package: colortbl 2001/02/13 v0.1j Color table columns (DPC)
\everycr=\toks20
\minrowclearance=\skip45
)
(/usr/local/texlive/2009/texmf-dist/tex/latex/amsmath/amsmath.sty
Package: amsmath 2000/07/18 v2.13 AMS math features
\@mathmargin=\skip46

For additional information on amsmath, use the `?' option.
(/usr/local/texlive/2009/texmf-dist/tex/latex/amsmath/amstext.sty
Package: amstext 2000/06/29 v2.01

(/usr/local/texlive/2009/texmf-dist/tex/latex/amsmath/amsgen.sty
File: amsgen.sty 1999/11/30 v2.0
\@emptytoks=\toks21
\ex@=\dimen136
))
(/usr/local/texlive/2009/texmf-dist/tex/latex/amsmath/amsbsy.sty
Package: amsbsy 1999/11/29 v1.2d
\pmbraise@=\dimen137
)
(/usr/local/texlive/2009/texmf-dist/tex/latex/amsmath/amsopn.sty
Package: amsopn 1999/12/14 v2.01 operator names
)
\inf@bad=\count99
LaTeX Info: Redefining \frac on input line 211.
\uproot@=\count100
\leftroot@=\count101
LaTeX Info: Redefining \overline on input line 307.
\classnum@=\count102
\DOTSCASE@=\count103
LaTeX Info: Redefining \ldots on input line 379.
LaTeX Info: Redefining \dots on input line 382.
LaTeX Info: Redefining \cdots on input line 467.
\Mathstrutbox@=\box30
\strutbox@=\box31
\big@size=\dimen138
LaTeX Font Info:    Redeclaring font encoding OML on input line 567.
LaTeX Font Info:    Redeclaring font encoding OMS on input line 568.
\macc@depth=\count104
\c@MaxMatrixCols=\count105
\dotsspace@=\muskip10
\c@parentequation=\count106
\dspbrk@lvl=\count107
\tag@help=\toks22
\row@=\count108
\column@=\count109
\maxfields@=\count110
\andhelp@=\toks23
\eqnshift@=\dimen139
\alignsep@=\dimen140
\tagshift@=\dimen141
\tagwidth@=\dimen142
\totwidth@=\dimen143
\lineht@=\dimen144
\@envbody=\toks24
\multlinegap=\skip47
\multlinetaggap=\skip48
\mathdisplay@stack=\toks25
LaTeX Info: Redefining \[ on input line 2666.
LaTeX Info: Redefining \] on input line 2667.
)
(/usr/local/texlive/2009/texmf-dist/tex/latex/amsfonts/amsfonts.sty
Package: amsfonts 2009/06/22 v3.00 Basic AMSFonts support
\symAMSa=\mathgroup6
\symAMSb=\mathgroup7
LaTeX Font Info:    Overwriting math alphabet `\mathfrak' in version `bold'
(Font)                  U/euf/m/n --> U/euf/b/n on input line 96.
)
(/usr/local/texlive/2009/texmf-dist/tex/latex/amsfonts/amssymb.sty
Package: amssymb 2009/06/22 v3.00
)
(./asme2ej.aux)
\openout1 = `asme2ej.aux'.

LaTeX Font Info:    Checking defaults for OML/cmm/m/it on input line 69.
LaTeX Font Info:    ... okay on input line 69.
LaTeX Font Info:    Checking defaults for T1/cmr/m/n on input line 69.
LaTeX Font Info:    ... okay on input line 69.
LaTeX Font Info:    Checking defaults for OT1/cmr/m/n on input line 69.
LaTeX Font Info:    ... okay on input line 69.
LaTeX Font Info:    Checking defaults for OMS/cmsy/m/n on input line 69.
LaTeX Font Info:    ... okay on input line 69.
LaTeX Font Info:    Checking defaults for OMX/cmex/m/n on input line 69.
LaTeX Font Info:    ... okay on input line 69.
LaTeX Font Info:    Checking defaults for U/cmr/m/n on input line 69.
LaTeX Font Info:    ... okay on input line 69.
LaTeX Font Info:    Try loading font information for OT1+ptm on input line 69.
 (/usr/local/texlive/2009/texmf-dist/tex/latex/psnfss/ot1ptm.fd
File: ot1ptm.fd 2001/06/04 font definitions for OT1/ptm.
) (/usr/local/texlive/2009/texmf-dist/tex/context/base/supp-pdf.mkii
[Loading MPS to PDF converter (version 2006.09.02).]
\scratchcounter=\count111
\scratchdimen=\dimen145
\scratchbox=\box32
\nofMPsegments=\count112
\nofMParguments=\count113
\everyMPshowfont=\toks26
\MPscratchCnt=\count114
\MPscratchDim=\dimen146
\MPnumerator=\count115
\everyMPtoPDFconversion=\toks27
)
LaTeX Font Info:    Try loading font information for OT1+ptmcm on input line 71
.
 (/usr/local/texlive/2009/texmf-dist/tex/latex/psnfss/ot1ptmcm.fd
File: ot1ptmcm.fd 2000/01/03 Fontinst v1.801 font definitions for OT1/ptmcm.
)
LaTeX Font Info:    Try loading font information for OML+ptmcm on input line 71
.

(/usr/local/texlive/2009/texmf-dist/tex/latex/psnfss/omlptmcm.fd
File: omlptmcm.fd 2000/01/03 Fontinst v1.801 font definitions for OML/ptmcm.
)
LaTeX Font Info:    Try loading font information for OMS+pzccm on input line 71
.

(/usr/local/texlive/2009/texmf-dist/tex/latex/psnfss/omspzccm.fd
File: omspzccm.fd 2000/01/03 Fontinst v1.801 font definitions for OMS/pzccm.
)
LaTeX Font Info:    Try loading font information for OMX+psycm on input line 71
.

(/usr/local/texlive/2009/texmf-dist/tex/latex/psnfss/omxpsycm.fd
File: omxpsycm.fd 2000/01/03 Fontinst v1.801 font definitions for OMX/psycm.
)
LaTeX Font Info:    Font shape `OT1/ptm/bx/n' in size <10> not available
(Font)              Font shape `OT1/ptm/b/n' tried instead on input line 71.
LaTeX Font Info:    Font shape `OT1/ptm/bx/n' in size <7.4> not available
(Font)              Font shape `OT1/ptm/b/n' tried instead on input line 71.
LaTeX Font Info:    Font shape `OT1/ptm/bx/n' in size <6> not available
(Font)              Font shape `OT1/ptm/b/n' tried instead on input line 71.
LaTeX Font Info:    Try loading font information for U+msa on input line 71.

(/usr/local/texlive/2009/texmf-dist/tex/latex/amsfonts/umsa.fd
File: umsa.fd 2009/06/22 v3.00 AMS symbols A
)
LaTeX Font Info:    Try loading font information for U+msb on input line 71.

(/usr/local/texlive/2009/texmf-dist/tex/latex/amsfonts/umsb.fd
File: umsb.fd 2009/06/22 v3.00 AMS symbols B
)
Underfull \hbox (badness 10000) detected at line 71
[]
 []


Underfull \hbox (badness 10000) in paragraph at lines 88--89

 []


Underfull \hbox (badness 10000) in paragraph at lines 90--91

 []


Underfull \vbox (badness 10000) has occurred while \output is active []

 [1{/usr/local/texlive/2009/texmf-var/fonts/map/pdftex/updmap/pdftex.map}


]
Underfull \hbox (badness 1609) in paragraph at lines 92--93
\OT1/ptm/m/n/10 re-peata-bil-ity, transpose-based so-lu-tions, aug-mented task
 []


Underfull \hbox (badness 10000) in paragraph at lines 92--93

 []


Underfull \hbox (badness 1043) in paragraph at lines 94--95
[]\OT1/ptm/m/n/10 Without us-ing stan-dard re-dun-dancy res-o-lu-tion tech-
 []


Underfull \hbox (badness 2512) in paragraph at lines 94--95
\OT1/ptm/m/n/10 niques, there are a va-ri-ety of al-ter-na-tive meth-ods of
 []


Underfull \hbox (badness 1360) in paragraph at lines 94--95
\OT1/ptm/m/n/10 con-trol-ling a MMS. Re-search has been done to prove
 []


Underfull \hbox (badness 10000) in paragraph at lines 94--95

 []


Underfull \hbox (badness 10000) in paragraph at lines 96--97

 []

[2]
Underfull \hbox (badness 1132) in paragraph at lines 98--99
\OT1/ptm/m/n/10 equal func-tion-al-ity. De-pend-ing on the in-tended use a
 []


Underfull \hbox (badness 1701) in paragraph at lines 98--99
\OT1/ptm/m/n/10 sam-pling fre-quency, workspace size, force ca-pa-bil-i-ties,
 []


Underfull \hbox (badness 10000) in paragraph at lines 98--99

 []


Underfull \hbox (badness 10000) in paragraph at lines 102--103

 []


LaTeX Warning: Reference `fig:mounting' on page 3 undefined on input line 106.


Underfull \hbox (badness 1275) in paragraph at lines 106--107
\OT1/ptm/m/n/10 any-where within the pre-de-fined cube-shaped workspace
 []


Underfull \hbox (badness 10000) in paragraph at lines 106--107

 []


Underfull \vbox (badness 10000) has occurred while \output is active []



LaTeX Warning: Reference `fig:wheels' on page 3 undefined on input line 108.


Underfull \hbox (badness 10000) in paragraph at lines 108--109

 []


Underfull \hbox (badness 10000) in paragraph at lines 110--111

 []


LaTeX Warning: Reference `fig:crickets' on page 3 undefined on input line 112.


Underfull \hbox (badness 10000) in paragraph at lines 112--113

 []


Underfull \hbox (badness 10000) in paragraph at lines 114--115

 []

[3]

LaTeX Warning: Reference `fig:joystick' on page 4 undefined on input line 118.


Underfull \hbox (badness 10000) in paragraph at lines 118--119

 []


LaTeX Warning: Reference `fig:falcon' on page 4 undefined on input line 120.


Underfull \hbox (badness 1521) in paragraph at lines 120--121
\OT1/ptm/m/n/10 si-tion-ing data as an in-put and pro-duc-ing forces along
 []


Underfull \hbox (badness 10000) in paragraph at lines 120--121

 []


LaTeX Warning: Reference `buttons' on page 4 undefined on input line 122.


Underfull \hbox (badness 1430) in paragraph at lines 122--123
[]\OT1/ptm/m/n/10 Since the MMS has full con-trol over four of the
 []


Underfull \hbox (badness 10000) in paragraph at lines 122--123

 []


LaTeX Warning: Citation `wrock' on page 4 undefined on input line 126.


Underfull \hbox (badness 10000) in paragraph at lines 126--127

 []


Underfull \hbox (badness 1184) in paragraph at lines 128--129
\OT1/ptm/m/n/10 two co-or-di-nate frames are avail-able for con-trol-ling the
 []


Underfull \hbox (badness 10000) in paragraph at lines 128--129

 []


Underfull \hbox (badness 10000) in paragraph at lines 130--131

 []

[4]
Underfull \hbox (badness 10000) in paragraph at lines 132--133

 []


Underfull \hbox (badness 10000) in paragraph at lines 136--137

 []


LaTeX Warning: Citation `fark' on page 5 undefined on input line 138.


Underfull \hbox (badness 10000) in paragraph at lines 138--139

 []


LaTeX Warning: Reference `sec:theothersection' on page 5 undefined on input lin
e 140.


Underfull \hbox (badness 10000) in paragraph at lines 140--141

 []


Underfull \hbox (badness 1127) in paragraph at lines 143--145
\OT1/ptm/m/n/10 fix-tures and op-er-a-tion forces. The vir-tual fix-tures are
 []


Underfull \hbox (badness 10000) in paragraph at lines 143--145

 []


Underfull \hbox (badness 10000) in paragraph at lines 148--149

 []

[5]
Underfull \hbox (badness 10000) in paragraph at lines 152--153

 []


Underfull \hbox (badness 10000) in paragraph at lines 156--157

 []


Underfull \hbox (badness 10000) in paragraph at lines 158--159

 []


Underfull \hbox (badness 10000) in paragraph at lines 160--161

 []


Underfull \hbox (badness 10000) in paragraph at lines 162--163

 []


Underfull \hbox (badness 10000) in paragraph at lines 166--167

 []


LaTeX Warning: Reference `eq:transvel' on page 6 undefined on input line 170.


Underfull \hbox (badness 1152) in paragraph at lines 170--171
\OT1/ptm/m/n/10 Om-ni-bot, the op-er-a-tor uses the but-tons lo-cated on the
 []


Underfull \hbox (badness 10000) in paragraph at lines 170--171

 []

[6]

LaTeX Warning: Reference `eq:centering' on page 7 undefined on input line 172.


Underfull \hbox (badness 2261) in paragraph at lines 172--173
\OT1/ptm/m/n/10 op-er-a-tor ex-pe-ri-ences both op-er-a-tion forces and vir-tua
l
 []


Underfull \hbox (badness 10000) in paragraph at lines 172--173

 []


LaTeX Warning: Reference `eq:wall' on page 7 undefined on input line 176.


Underfull \hbox (badness 10000) in paragraph at lines 176--177

 []


LaTeX Warning: Reference `eq:manip' on page 7 undefined on input line 180.


Underfull \hbox (badness 10000) in paragraph at lines 180--181

 []


LaTeX Warning: Reference `fig:vwalls' on page 7 undefined on input line 182.


LaTeX Warning: Reference `eq:vwall' on page 7 undefined on input line 182.


Underfull \hbox (badness 10000) in paragraph at lines 182--183

 []


Underfull \hbox (badness 1838) in paragraph at lines 184--185
\OT1/ptm/m/n/10 ma-nip-u-la-tion mode re-gion it au-to-mat-i-cally switches to
 []


Underfull \hbox (badness 10000) in paragraph at lines 184--185

 []


LaTeX Warning: Reference `fig:optimalloc' on page 7 undefined on input line 186
.


Underfull \hbox (badness 10000) in paragraph at lines 186--187

 []


Underfull \hbox (badness 10000) in paragraph at lines 190--191

 []


Underfull \vbox (badness 10000) has occurred while \output is active []

 [7]
Underfull \hbox (badness 2600) in paragraph at lines 192--193
\OT1/ptm/m/n/10 modes is no-ticed when the ma-nip-u-la-tor's end-effector
 []


Underfull \hbox (badness 10000) in paragraph at lines 192--193

 []


Underfull \hbox (badness 10000) in paragraph at lines 194--195

 []


Underfull \hbox (badness 10000) in paragraph at lines 196--197

 []


LaTeX Warning: Reference `fig:targets' on page 8 undefined on input line 200.


Underfull \hbox (badness 1577) in paragraph at lines 200--201
[]\OT1/ptm/m/n/10 To test the ef-fec-tive-ness of the com-mand strat-egy
 []


Underfull \hbox (badness 1577) in paragraph at lines 200--201
\OT1/ptm/m/n/10 a typ-i-cal pick-and-place sce-nario was de-signed. This
 []


Underfull \hbox (badness 10000) in paragraph at lines 200--201

 []


LaTeX Warning: Reference `fig:setup' on page 8 undefined on input line 204.


LaTeX Warning: Reference `fig:setup' on page 8 undefined on input line 204.


Underfull \hbox (badness 10000) in paragraph at lines 204--205

 []


Underfull \hbox (badness 2050) in paragraph at lines 206--207
[]\OT1/ptm/m/n/10 To com-pare the novel com-mand strat-egy with an
 []


Underfull \hbox (badness 10000) in paragraph at lines 206--207

 []

[8]
Underfull \hbox (badness 10000) in paragraph at lines 210--211

 []


Underfull \hbox (badness 1248) in paragraph at lines 236--237
\OT1/ptm/m/n/10 start-ing from when the Om-ni-bot MMS leaves its start
 []


Underfull \hbox (badness 10000) in paragraph at lines 236--237

 []


Underfull \hbox (badness 10000) in paragraph at lines 238--239

 []


Underfull \hbox (badness 10000) in paragraph at lines 240--241

 []


Underfull \hbox (badness 10000) in paragraph at lines 242--243

 []


Underfull \hbox (badness 1057) in paragraph at lines 244--245
\OT1/ptm/m/n/10 pre-ferred, they all agreed the sin-gle joy-stick com-mand
 []


Underfull \hbox (badness 10000) in paragraph at lines 244--245

 []


Underfull \hbox (badness 10000) in paragraph at lines 246--247

 []

[9]

LaTeX Warning: Reference `fig:user1,fig:user2,fig:user3,fig:user4' on page 10 u
ndefined on input line 251.


Underfull \hbox (badness 1642) in paragraph at lines 251--252
\OT1/ptm/m/n/10 As shown in Fig-ures []///////make this one fig-ure//////,
 []


Underfull \hbox (badness 10000) in paragraph at lines 251--252

 []


Underfull \hbox (badness 10000) in paragraph at lines 259--260

 []


Underfull \hbox (badness 10000) in paragraph at lines 263--264

 []


Underfull \hbox (badness 10000) in paragraph at lines 267--268

 []


LaTeX Warning: Reference `fig:exp2' on page 10 undefined on input line 271.


LaTeX Warning: Reference `tab:results2' on page 10 undefined on input line 271.



Underfull \hbox (badness 10000) in paragraph at lines 271--272

 []

[10] (./asme2ej.aux)

LaTeX Warning: There were undefined references.


LaTeX Warning: Label(s) may have changed. Rerun to get cross-references right.

 ) 
Here is how much of TeX's memory you used:
 2700 strings out of 493848
 34181 string characters out of 3149207
 103423 words of memory out of 3000000
 5919 multiletter control sequences out of 15000+200000
 30874 words of font info for 63 fonts, out of 3000000 for 9000
 714 hyphenation exceptions out of 8191
 34i,13n,30p,2906b,291s stack positions out of 5000i,500n,10000p,200000b,50000s
{/usr/local/texlive/2009/texmf-dist/fonts/enc/dvips/base/8r.enc}</usr/local/t
exlive/2009/texmf-dist/fonts/type1/public/amsfonts/cm/cmmi10.pfb></usr/local/te
xlive/2009/texmf-dist/fonts/type1/public/amsfonts/cm/cmsy10.pfb></usr/local/tex
live/2009/texmf-dist/fonts/type1/urw/helvetic/uhvb8a.pfb></usr/local/texlive/20
09/texmf-dist/fonts/type1/urw/helvetic/uhvr8a.pfb></usr/local/texlive/2009/texm
f-dist/fonts/type1/urw/symbol/usyr.pfb></usr/local/texlive/2009/texmf-dist/font
s/type1/urw/times/utmb8a.pfb></usr/local/texlive/2009/texmf-dist/fonts/type1/ur
w/times/utmr8a.pfb></usr/local/texlive/2009/texmf-dist/fonts/type1/urw/times/ut
mri8a.pfb>
Output written on asme2ej.pdf (10 pages, 135830 bytes).
PDF statistics:
 68 PDF objects out of 1000 (max. 8388607)
 0 named destinations out of 1000 (max. 500000)
 1 words of extra memory for PDF output out of 10000 (max. 10000000)

